<?xml version="1.0" encoding="UTF-8"?>
<testsuite xmlns:xsi="http://www.w3.org/2001/XMLSchema-instance" xsi:noNamespaceSchemaLocation="https://maven.apache.org/surefire/maven-surefire-plugin/xsd/surefire-test-report-3.0.xsd" version="3.0" name="com.example.snl.AppTest" time="0.057" tests="9" errors="0" skipped="0" failures="0">
  <properties>
[...]
</properties>
  <testcase name="tooFewArgsShowsUsage" classname="com.example.snl.AppTest" time="0.017"/>
  <testcase name="tooManyArgsShowsUsage" classname="com.example.snl.AppTest" time="0.001"/>
  <testcase name="validNormalMove" classname="com.example.snl.AppTest" time="0.004"/>
  <testcase name="hitLadderFromApp" classname="com.example.snl.AppTest" time="0.001"/>
  <testcase name="exactWinMessage" classname="com.example.snl.AppTest" time="0.004"/>
  <testcase name="usageMessageIfNoArgs" classname="com.example.snl.AppTest" time="0.001"/>
  <testcase name="invalidArgsNonInteger" classname="com.example.snl.AppTest" time="0.001"/>
  <testcase name="overshootStaysSame" classname="com.example.snl.AppTest" time="0.002"/>
  <testcase name="hitSnakeFromApp" classname="com.example.snl.AppTest" time="0.001"/>
</testsuite>